<?xml version="1.0" encoding="UTF-8"?>
<testng-results ignored="0" total="1" passed="1" failed="0" skipped="0">
  <reporter-output>
    <line>
      <![CDATA[Chrome is launched]]>
    </line>
    <line>
      <![CDATA[Website is launching]]>
    </line>
    <line>
      <![CDATA[User name is entered]]>
    </line>
    <line>
      <![CDATA[HR Tab is clicked]]>
    </line>
  </reporter-output>
  <suite started-at="2023-03-17T11:38:23 IST" name="Default suite" finished-at="2023-03-17T11:38:29 IST" duration-ms="6109">
    <groups>
    </groups>
    <test started-at="2023-03-17T11:38:23 IST" name="Default test" finished-at="2023-03-17T11:38:29 IST" duration-ms="6109">
      <class name="hrTests.HRTestCases">
        <test-method is-config="true" signature="open()[pri:0, instance:hrTests.HRTestCases@52b1beb6]" started-at="2023-03-17T11:38:23 IST" name="open" finished-at="2023-03-17T11:38:26 IST" duration-ms="3248" status="PASS">
          <reporter-output>
            <line>
              <![CDATA[Chrome is launched]]>
            </line>
            <line>
              <![CDATA[Website is launching]]>
            </line>
            <line>
              <![CDATA[User name is entered]]>
            </line>
          </reporter-output>
        </test-method> <!-- open -->
        <test-method signature="create_Employee()[pri:0, instance:hrTests.HRTestCases@52b1beb6]" started-at="2023-03-17T11:38:26 IST" name="create_Employee" description="Verify the user is able to create the Employee" finished-at="2023-03-17T11:38:29 IST" duration-ms="2703" status="PASS">
          <reporter-output>
            <line>
              <![CDATA[HR Tab is clicked]]>
            </line>
          </reporter-output>
        </test-method> <!-- create_Employee -->
        <test-method is-config="true" signature="driverClose()[pri:0, instance:hrTests.HRTestCases@52b1beb6]" started-at="2023-03-17T11:38:29 IST" name="driverClose" finished-at="2023-03-17T11:38:29 IST" duration-ms="121" status="PASS">
          <reporter-output>
          </reporter-output>
        </test-method> <!-- driverClose -->
      </class> <!-- hrTests.HRTestCases -->
    </test> <!-- Default test -->
  </suite> <!-- Default suite -->
</testng-results>
