<?xml version="1.0" encoding="UTF-8"?>
<!-- Generated by org.testng.reporters.JUnitXMLReporter -->
<testsuite ignored="3" hostname="DESKTOP-MC7UQM0" failures="0" tests="1" name="Default test" time="38.668" errors="0" timestamp="2023-04-12T15:06:09 IST">
  <testcase classname="hrTests.TestCase" name="Create_Employee_Before_Buffer_Date" time="27.646"/>
  <testcase classname="hrTests.TestCase" name="ADD_Attendence" time="0.0">
    <ignored/>
  </testcase> <!-- ADD_Attendence -->
  <testcase classname="hrTests.TestCase" name="Create_Timesheet" time="0.0">
    <ignored/>
  </testcase> <!-- Create_Timesheet -->
  <testcase classname="hrTests.TestCase" name="Create_Leave_Application" time="0.0">
    <ignored/>
  </testcase> <!-- Create_Leave_Application -->
</testsuite> <!-- Default test -->
